[29-May-2023 18:40:32 UTC] WordPress database error Table 'wp_e_events' already exists for query CREATE TABLE `wp_e_events` (
			id bigint(20) unsigned auto_increment primary key,
			event_data text null,
			created_at datetime not null
		) DEFAULT CHARACTER SET utf8mb4 COLLATE utf8mb4_unicode_520_ci; made by require_once('wp-load.php'), require_once('wp-config.php'), require_once('wp-settings.php'), do_action('init'), WP_Hook->do_action, WP_Hook->apply_filters, Elementor\Plugin->init, Elementor\Plugin->init_components, Elementor\Core\Admin\Admin->__construct, Elementor\Plugin->init_common, Elementor\Core\Common\App->init_components, Elementor\Core\Common\Modules\EventTracker\Module->__construct, Elementor\Core\Common\Modules\EventTracker\DB->__construct, Elementor\Core\Common\Modules\EventTracker\DB->create_table
[29-May-2023 18:40:33 UTC] WordPress database error Duplicate key name 'created_at_index' for query ALTER TABLE wp_e_events
    		ADD INDEX `created_at_index` (`created_at`)
		 made by require_once('wp-load.php'), require_once('wp-config.php'), require_once('wp-settings.php'), do_action('init'), WP_Hook->do_action, WP_Hook->apply_filters, Elementor\Plugin->init, Elementor\Plugin->init_components, Elementor\Core\Admin\Admin->__construct, Elementor\Plugin->init_common, Elementor\Core\Common\App->init_components, Elementor\Core\Common\Modules\EventTracker\Module->__construct, Elementor\Core\Common\Modules\EventTracker\DB->__construct, Elementor\Core\Common\Modules\EventTracker\DB->add_indexes
[29-May-2023 18:47:27 UTC] PHP Warning:  Undefined array key "width" in C:\Users\Daniyal Ahmed\Local Sites\daecommerce-website\app\public\wp-content\plugins\woocommerce\includes\class-wc-regenerate-images.php on line 276
[29-May-2023 18:47:27 UTC] PHP Warning:  Undefined array key "height" in C:\Users\Daniyal Ahmed\Local Sites\daecommerce-website\app\public\wp-content\plugins\woocommerce\includes\class-wc-regenerate-images.php on line 277
[29-May-2023 18:47:27 UTC] PHP Warning:  Undefined array key "width" in C:\Users\Daniyal Ahmed\Local Sites\daecommerce-website\app\public\wp-content\plugins\woocommerce\includes\class-wc-regenerate-images.php on line 276
[29-May-2023 18:47:27 UTC] PHP Warning:  Undefined array key "height" in C:\Users\Daniyal Ahmed\Local Sites\daecommerce-website\app\public\wp-content\plugins\woocommerce\includes\class-wc-regenerate-images.php on line 277
[29-May-2023 18:47:27 UTC] PHP Warning:  Undefined array key "width" in C:\Users\Daniyal Ahmed\Local Sites\daecommerce-website\app\public\wp-content\plugins\woocommerce\includes\class-wc-regenerate-images.php on line 276
[29-May-2023 18:47:27 UTC] PHP Warning:  Undefined array key "height" in C:\Users\Daniyal Ahmed\Local Sites\daecommerce-website\app\public\wp-content\plugins\woocommerce\includes\class-wc-regenerate-images.php on line 277
[29-May-2023 18:47:27 UTC] PHP Warning:  Undefined array key "width" in C:\Users\Daniyal Ahmed\Local Sites\daecommerce-website\app\public\wp-content\plugins\woocommerce\includes\class-wc-regenerate-images.php on line 276
[29-May-2023 18:47:27 UTC] PHP Warning:  Undefined array key "height" in C:\Users\Daniyal Ahmed\Local Sites\daecommerce-website\app\public\wp-content\plugins\woocommerce\includes\class-wc-regenerate-images.php on line 277
[29-May-2023 18:47:27 UTC] PHP Warning:  Undefined array key "width" in C:\Users\Daniyal Ahmed\Local Sites\daecommerce-website\app\public\wp-content\plugins\woocommerce\includes\class-wc-regenerate-images.php on line 276
[29-May-2023 18:47:27 UTC] PHP Warning:  Undefined array key "height" in C:\Users\Daniyal Ahmed\Local Sites\daecommerce-website\app\public\wp-content\plugins\woocommerce\includes\class-wc-regenerate-images.php on line 277
[29-May-2023 18:52:20 UTC] PHP Warning:  Undefined array key "width" in C:\Users\Daniyal Ahmed\Local Sites\daecommerce-website\app\public\wp-content\plugins\woocommerce\includes\class-wc-regenerate-images.php on line 276
[29-May-2023 18:52:20 UTC] PHP Warning:  Undefined array key "height" in C:\Users\Daniyal Ahmed\Local Sites\daecommerce-website\app\public\wp-content\plugins\woocommerce\includes\class-wc-regenerate-images.php on line 277
[29-May-2023 18:52:20 UTC] PHP Warning:  Undefined array key "width" in C:\Users\Daniyal Ahmed\Local Sites\daecommerce-website\app\public\wp-content\plugins\woocommerce\includes\class-wc-regenerate-images.php on line 276
[29-May-2023 18:52:20 UTC] PHP Warning:  Undefined array key "height" in C:\Users\Daniyal Ahmed\Local Sites\daecommerce-website\app\public\wp-content\plugins\woocommerce\includes\class-wc-regenerate-images.php on line 277
[29-May-2023 18:52:20 UTC] PHP Warning:  Undefined array key "width" in C:\Users\Daniyal Ahmed\Local Sites\daecommerce-website\app\public\wp-content\plugins\woocommerce\includes\class-wc-regenerate-images.php on line 276
[29-May-2023 18:52:20 UTC] PHP Warning:  Undefined array key "height" in C:\Users\Daniyal Ahmed\Local Sites\daecommerce-website\app\public\wp-content\plugins\woocommerce\includes\class-wc-regenerate-images.php on line 277
[29-May-2023 18:52:20 UTC] PHP Warning:  Undefined array key "width" in C:\Users\Daniyal Ahmed\Local Sites\daecommerce-website\app\public\wp-content\plugins\woocommerce\includes\class-wc-regenerate-images.php on line 276
[29-May-2023 18:52:20 UTC] PHP Warning:  Undefined array key "height" in C:\Users\Daniyal Ahmed\Local Sites\daecommerce-website\app\public\wp-content\plugins\woocommerce\includes\class-wc-regenerate-images.php on line 277
[29-May-2023 18:52:20 UTC] PHP Warning:  Undefined array key "width" in C:\Users\Daniyal Ahmed\Local Sites\daecommerce-website\app\public\wp-content\plugins\woocommerce\includes\class-wc-regenerate-images.php on line 276
[29-May-2023 18:52:20 UTC] PHP Warning:  Undefined array key "height" in C:\Users\Daniyal Ahmed\Local Sites\daecommerce-website\app\public\wp-content\plugins\woocommerce\includes\class-wc-regenerate-images.php on line 277
[29-May-2023 18:53:00 UTC] PHP Warning:  Undefined array key "width" in C:\Users\Daniyal Ahmed\Local Sites\daecommerce-website\app\public\wp-content\plugins\woocommerce\includes\class-wc-regenerate-images.php on line 276
[29-May-2023 18:53:00 UTC] PHP Warning:  Undefined array key "height" in C:\Users\Daniyal Ahmed\Local Sites\daecommerce-website\app\public\wp-content\plugins\woocommerce\includes\class-wc-regenerate-images.php on line 277
[29-May-2023 18:53:00 UTC] PHP Warning:  Undefined array key "width" in C:\Users\Daniyal Ahmed\Local Sites\daecommerce-website\app\public\wp-content\plugins\woocommerce\includes\class-wc-regenerate-images.php on line 276
[29-May-2023 18:53:00 UTC] PHP Warning:  Undefined array key "height" in C:\Users\Daniyal Ahmed\Local Sites\daecommerce-website\app\public\wp-content\plugins\woocommerce\includes\class-wc-regenerate-images.php on line 277
[29-May-2023 18:53:00 UTC] PHP Warning:  Undefined array key "width" in C:\Users\Daniyal Ahmed\Local Sites\daecommerce-website\app\public\wp-content\plugins\woocommerce\includes\class-wc-regenerate-images.php on line 276
[29-May-2023 18:53:00 UTC] PHP Warning:  Undefined array key "height" in C:\Users\Daniyal Ahmed\Local Sites\daecommerce-website\app\public\wp-content\plugins\woocommerce\includes\class-wc-regenerate-images.php on line 277
[29-May-2023 18:53:00 UTC] PHP Warning:  Undefined array key "width" in C:\Users\Daniyal Ahmed\Local Sites\daecommerce-website\app\public\wp-content\plugins\woocommerce\includes\class-wc-regenerate-images.php on line 276
[29-May-2023 18:53:00 UTC] PHP Warning:  Undefined array key "height" in C:\Users\Daniyal Ahmed\Local Sites\daecommerce-website\app\public\wp-content\plugins\woocommerce\includes\class-wc-regenerate-images.php on line 277
[29-May-2023 18:53:00 UTC] PHP Warning:  Undefined array key "width" in C:\Users\Daniyal Ahmed\Local Sites\daecommerce-website\app\public\wp-content\plugins\woocommerce\includes\class-wc-regenerate-images.php on line 276
[29-May-2023 18:53:00 UTC] PHP Warning:  Undefined array key "height" in C:\Users\Daniyal Ahmed\Local Sites\daecommerce-website\app\public\wp-content\plugins\woocommerce\includes\class-wc-regenerate-images.php on line 277
[29-May-2023 18:54:26 UTC] PHP Warning:  Undefined array key "width" in C:\Users\Daniyal Ahmed\Local Sites\daecommerce-website\app\public\wp-content\plugins\woocommerce\includes\class-wc-regenerate-images.php on line 276
[29-May-2023 18:54:26 UTC] PHP Warning:  Undefined array key "height" in C:\Users\Daniyal Ahmed\Local Sites\daecommerce-website\app\public\wp-content\plugins\woocommerce\includes\class-wc-regenerate-images.php on line 277
[29-May-2023 18:54:26 UTC] PHP Warning:  Undefined array key "width" in C:\Users\Daniyal Ahmed\Local Sites\daecommerce-website\app\public\wp-content\plugins\woocommerce\includes\class-wc-regenerate-images.php on line 276
[29-May-2023 18:54:26 UTC] PHP Warning:  Undefined array key "height" in C:\Users\Daniyal Ahmed\Local Sites\daecommerce-website\app\public\wp-content\plugins\woocommerce\includes\class-wc-regenerate-images.php on line 277
[29-May-2023 18:54:26 UTC] PHP Warning:  Undefined array key "width" in C:\Users\Daniyal Ahmed\Local Sites\daecommerce-website\app\public\wp-content\plugins\woocommerce\includes\class-wc-regenerate-images.php on line 276
[29-May-2023 18:54:26 UTC] PHP Warning:  Undefined array key "height" in C:\Users\Daniyal Ahmed\Local Sites\daecommerce-website\app\public\wp-content\plugins\woocommerce\includes\class-wc-regenerate-images.php on line 277
[29-May-2023 18:54:26 UTC] PHP Warning:  Undefined array key "width" in C:\Users\Daniyal Ahmed\Local Sites\daecommerce-website\app\public\wp-content\plugins\woocommerce\includes\class-wc-regenerate-images.php on line 276
[29-May-2023 18:54:26 UTC] PHP Warning:  Undefined array key "height" in C:\Users\Daniyal Ahmed\Local Sites\daecommerce-website\app\public\wp-content\plugins\woocommerce\includes\class-wc-regenerate-images.php on line 277
[29-May-2023 18:54:26 UTC] PHP Warning:  Undefined array key "width" in C:\Users\Daniyal Ahmed\Local Sites\daecommerce-website\app\public\wp-content\plugins\woocommerce\includes\class-wc-regenerate-images.php on line 276
[29-May-2023 18:54:26 UTC] PHP Warning:  Undefined array key "height" in C:\Users\Daniyal Ahmed\Local Sites\daecommerce-website\app\public\wp-content\plugins\woocommerce\includes\class-wc-regenerate-images.php on line 277
[29-May-2023 18:55:16 UTC] PHP Warning:  Undefined array key "width" in C:\Users\Daniyal Ahmed\Local Sites\daecommerce-website\app\public\wp-content\plugins\woocommerce\includes\class-wc-regenerate-images.php on line 276
[29-May-2023 18:55:16 UTC] PHP Warning:  Undefined array key "height" in C:\Users\Daniyal Ahmed\Local Sites\daecommerce-website\app\public\wp-content\plugins\woocommerce\includes\class-wc-regenerate-images.php on line 277
[29-May-2023 18:55:16 UTC] PHP Warning:  Undefined array key "width" in C:\Users\Daniyal Ahmed\Local Sites\daecommerce-website\app\public\wp-content\plugins\woocommerce\includes\class-wc-regenerate-images.php on line 276
[29-May-2023 18:55:16 UTC] PHP Warning:  Undefined array key "height" in C:\Users\Daniyal Ahmed\Local Sites\daecommerce-website\app\public\wp-content\plugins\woocommerce\includes\class-wc-regenerate-images.php on line 277
[29-May-2023 18:55:16 UTC] PHP Warning:  Undefined array key "width" in C:\Users\Daniyal Ahmed\Local Sites\daecommerce-website\app\public\wp-content\plugins\woocommerce\includes\class-wc-regenerate-images.php on line 276
[29-May-2023 18:55:16 UTC] PHP Warning:  Undefined array key "height" in C:\Users\Daniyal Ahmed\Local Sites\daecommerce-website\app\public\wp-content\plugins\woocommerce\includes\class-wc-regenerate-images.php on line 277
[29-May-2023 18:55:16 UTC] PHP Warning:  Undefined array key "width" in C:\Users\Daniyal Ahmed\Local Sites\daecommerce-website\app\public\wp-content\plugins\woocommerce\includes\class-wc-regenerate-images.php on line 276
[29-May-2023 18:55:16 UTC] PHP Warning:  Undefined array key "height" in C:\Users\Daniyal Ahmed\Local Sites\daecommerce-website\app\public\wp-content\plugins\woocommerce\includes\class-wc-regenerate-images.php on line 277
[29-May-2023 18:55:16 UTC] PHP Warning:  Undefined array key "width" in C:\Users\Daniyal Ahmed\Local Sites\daecommerce-website\app\public\wp-content\plugins\woocommerce\includes\class-wc-regenerate-images.php on line 276
[29-May-2023 18:55:16 UTC] PHP Warning:  Undefined array key "height" in C:\Users\Daniyal Ahmed\Local Sites\daecommerce-website\app\public\wp-content\plugins\woocommerce\includes\class-wc-regenerate-images.php on line 277
[29-May-2023 18:56:44 UTC] PHP Warning:  Undefined array key "width" in C:\Users\Daniyal Ahmed\Local Sites\daecommerce-website\app\public\wp-content\plugins\woocommerce\includes\class-wc-regenerate-images.php on line 276
[29-May-2023 18:56:44 UTC] PHP Warning:  Undefined array key "height" in C:\Users\Daniyal Ahmed\Local Sites\daecommerce-website\app\public\wp-content\plugins\woocommerce\includes\class-wc-regenerate-images.php on line 277
[29-May-2023 18:56:44 UTC] PHP Warning:  Undefined array key "width" in C:\Users\Daniyal Ahmed\Local Sites\daecommerce-website\app\public\wp-content\plugins\woocommerce\includes\class-wc-regenerate-images.php on line 276
[29-May-2023 18:56:44 UTC] PHP Warning:  Undefined array key "height" in C:\Users\Daniyal Ahmed\Local Sites\daecommerce-website\app\public\wp-content\plugins\woocommerce\includes\class-wc-regenerate-images.php on line 277
[29-May-2023 18:56:44 UTC] PHP Warning:  Undefined array key "width" in C:\Users\Daniyal Ahmed\Local Sites\daecommerce-website\app\public\wp-content\plugins\woocommerce\includes\class-wc-regenerate-images.php on line 276
[29-May-2023 18:56:44 UTC] PHP Warning:  Undefined array key "height" in C:\Users\Daniyal Ahmed\Local Sites\daecommerce-website\app\public\wp-content\plugins\woocommerce\includes\class-wc-regenerate-images.php on line 277
[29-May-2023 18:56:44 UTC] PHP Warning:  Undefined array key "width" in C:\Users\Daniyal Ahmed\Local Sites\daecommerce-website\app\public\wp-content\plugins\woocommerce\includes\class-wc-regenerate-images.php on line 276
[29-May-2023 18:56:44 UTC] PHP Warning:  Undefined array key "height" in C:\Users\Daniyal Ahmed\Local Sites\daecommerce-website\app\public\wp-content\plugins\woocommerce\includes\class-wc-regenerate-images.php on line 277
[29-May-2023 18:56:44 UTC] PHP Warning:  Undefined array key "width" in C:\Users\Daniyal Ahmed\Local Sites\daecommerce-website\app\public\wp-content\plugins\woocommerce\includes\class-wc-regenerate-images.php on line 276
[29-May-2023 18:56:44 UTC] PHP Warning:  Undefined array key "height" in C:\Users\Daniyal Ahmed\Local Sites\daecommerce-website\app\public\wp-content\plugins\woocommerce\includes\class-wc-regenerate-images.php on line 277
[02-Jun-2023 18:41:58 UTC] Cron reschedule event error for hook: elementor/tracker/send_event, Error code: could_not_set, Error message: The cron event list could not be saved., Data: {"schedule":"daily","args":[],"interval":86400}
[02-Jun-2023 18:50:02 UTC] Cron reschedule event error for hook: action_scheduler_run_queue, Error code: could_not_set, Error message: The cron event list could not be saved., Data: {"schedule":"every_minute","args":["WP Cron"],"interval":60}
[02-Jun-2023 18:54:04 UTC] Cron reschedule event error for hook: action_scheduler_run_queue, Error code: could_not_set, Error message: The cron event list could not be saved., Data: {"schedule":"every_minute","args":["WP Cron"],"interval":60}
[02-Jun-2023 19:26:20 UTC] Cron reschedule event error for hook: action_scheduler_run_queue, Error code: could_not_set, Error message: The cron event list could not be saved., Data: {"schedule":"every_minute","args":["WP Cron"],"interval":60}
[02-Jun-2023 19:30:22 UTC] Cron reschedule event error for hook: action_scheduler_run_queue, Error code: could_not_set, Error message: The cron event list could not be saved., Data: {"schedule":"every_minute","args":["WP Cron"],"interval":60}
[02-Jun-2023 19:38:26 UTC] Cron reschedule event error for hook: action_scheduler_run_queue, Error code: could_not_set, Error message: The cron event list could not be saved., Data: {"schedule":"every_minute","args":["WP Cron"],"interval":60}
[02-Jun-2023 20:00:37 UTC] Cron reschedule event error for hook: action_scheduler_run_queue, Error code: could_not_set, Error message: The cron event list could not be saved., Data: {"schedule":"every_minute","args":["WP Cron"],"interval":60}
[02-Jun-2023 20:12:43 UTC] Cron reschedule event error for hook: action_scheduler_run_queue, Error code: could_not_set, Error message: The cron event list could not be saved., Data: {"schedule":"every_minute","args":["WP Cron"],"interval":60}
[02-Jun-2023 20:47:00 UTC] Cron reschedule event error for hook: action_scheduler_run_queue, Error code: could_not_set, Error message: The cron event list could not be saved., Data: {"schedule":"every_minute","args":["WP Cron"],"interval":60}
[02-Jun-2023 21:01:07 UTC] Cron reschedule event error for hook: action_scheduler_run_queue, Error code: could_not_set, Error message: The cron event list could not be saved., Data: {"schedule":"every_minute","args":["WP Cron"],"interval":60}
[02-Jun-2023 21:07:10 UTC] Cron reschedule event error for hook: action_scheduler_run_queue, Error code: could_not_set, Error message: The cron event list could not be saved., Data: {"schedule":"every_minute","args":["WP Cron"],"interval":60}
[02-Jun-2023 21:15:14 UTC] Cron reschedule event error for hook: action_scheduler_run_queue, Error code: could_not_set, Error message: The cron event list could not be saved., Data: {"schedule":"every_minute","args":["WP Cron"],"interval":60}
[02-Jun-2023 21:51:32 UTC] Cron reschedule event error for hook: action_scheduler_run_queue, Error code: could_not_set, Error message: The cron event list could not be saved., Data: {"schedule":"every_minute","args":["WP Cron"],"interval":60}
[02-Jun-2023 22:03:38 UTC] Cron reschedule event error for hook: action_scheduler_run_queue, Error code: could_not_set, Error message: The cron event list could not be saved., Data: {"schedule":"every_minute","args":["WP Cron"],"interval":60}
[03-Jun-2023 17:46:48 UTC] Cron reschedule event error for hook: action_scheduler_run_queue, Error code: could_not_set, Error message: The cron event list could not be saved., Data: {"schedule":"every_minute","args":["WP Cron"],"interval":60}
[03-Jun-2023 17:52:54 UTC] Cron reschedule event error for hook: action_scheduler_run_queue, Error code: could_not_set, Error message: The cron event list could not be saved., Data: {"schedule":"every_minute","args":["WP Cron"],"interval":60}
[03-Jun-2023 17:52:54 UTC] Cron unschedule event error for hook: woocommerce_cancel_unpaid_orders, Error code: could_not_set, Error message: The cron event list could not be saved., Data: {"schedule":false,"args":[]}
[03-Jun-2023 18:11:00 UTC] Cron reschedule event error for hook: action_scheduler_run_queue, Error code: could_not_set, Error message: The cron event list could not be saved., Data: {"schedule":"every_minute","args":["WP Cron"],"interval":60}
